<?xml version="1.0" encoding="UTF-8" ?>
<testsuite errors="0" failures="0" hostname="Isabels-Air-3" name="com.flatironschool.javacs.HelloWorldTest" skipped="0" tests="1" time="1.125" timestamp="2017-12-06T03:59:18">
  <properties>
    <property name="java.vendor" value="Oracle Corporation" />
    <property name="env.VISUAL" value="atom" />
    <property name="env.NVM_BIN" value="/Users/isabelvazquez/.nvm/versions/node/v6.11.2/bin" />
    <property name="sun.java.launcher" value="SUN_STANDARD" />
    <property name="env.XPC_SERVICE_NAME" value="0" />
    <property name="env.BUNDLER_ORIG_BUNDLE_BIN_PATH" value="BUNDLER_ENVIRONMENT_PRESERVER_INTENTIONALLY_NIL" />
    <property name="sun.management.compiler" value="HotSpot 64-Bit Tiered Compilers" />
    <property name="env._system_arch" value="x86_64" />
    <property name="env.GEM_HOME" value="/Users/isabelvazquez/.rvm/gems/ruby-2.3.1" />
    <property name="os.name" value="Mac OS X" />
    <property name="sun.boot.class.path" value="/Library/Java/JavaVirtualMachines/jdk1.8.0_111.jdk/Contents/Home/jre/lib/resources.jar:/Library/Java/JavaVirtualMachines/jdk1.8.0_111.jdk/Contents/Home/jre/lib/rt.jar:/Library/Java/JavaVirtualMachines/jdk1.8.0_111.jdk/Contents/Home/jre/lib/sunrsasign.jar:/Library/Java/JavaVirtualMachines/jdk1.8.0_111.jdk/Contents/Home/jre/lib/jsse.jar:/Library/Java/JavaVirtualMachines/jdk1.8.0_111.jdk/Contents/Home/jre/lib/jce.jar:/Library/Java/JavaVirtualMachines/jdk1.8.0_111.jdk/Contents/Home/jre/lib/charsets.jar:/Library/Java/JavaVirtualMachines/jdk1.8.0_111.jdk/Contents/Home/jre/lib/jfr.jar:/Library/Java/JavaVirtualMachines/jdk1.8.0_111.jdk/Contents/Home/jre/classes" />
    <property name="env.TMPDIR" value="/var/folders/zh/q10hxwt15fj57hjkt8h92c600000gn/T/" />
    <property name="env.PWD" value="/Users/isabelvazquez/Development/code/cs-java-hello-world-lab-g-416" />
    <property name="env.LANG" value="en_US.UTF-8" />
    <property name="java.vm.specification.vendor" value="Oracle Corporation" />
    <property name="ant.home" value="/usr/local/Cellar/ant/1.10.1/libexec" />
    <property name="env.BUNDLER_ORIG_RUBYLIB" value="BUNDLER_ENVIRONMENT_PRESERVER_INTENTIONALLY_NIL" />
    <property name="java.runtime.version" value="1.8.0_111-b14" />
    <property name="env.MY_RUBY_HOME" value="/Users/isabelvazquez/.rvm/rubies/ruby-2.3.1" />
    <property name="env.Apple_PubSub_Socket_Render" value="/private/tmp/com.apple.launchd.dAuKCicBFU/Render" />
    <property name="env.BUNDLER_ORIG_PATH" value="/Users/isabelvazquez/.nvm/versions/node/v6.11.2/bin:/Users/isabelvazquez/.rvm/gems/ruby-2.3.1/bin:/Users/isabelvazquez/.rvm/gems/ruby-2.3.1@global/bin:/Users/isabelvazquez/.rvm/rubies/ruby-2.3.1/bin:/Applications/Postgres.app/Contents/Versions/latest/bin:/usr/local:/usr/local/bin:/usr/local/sbin:/usr/bin:/usr/local/bin:/usr/bin:/bin:/usr/sbin:/sbin:/Applications/Postgres.app/Contents/Versions/latest/bin:/Users/isabelvazquez/.rvm/bin" />
    <property name="env.NVM_CD_FLAGS" value="" />
    <property name="env.rvm_version" value="1.29.2 (master)" />
    <property name="user.name" value="isabelvazquez" />
    <property name="env.USER" value="isabelvazquez" />
    <property name="env.SHELL" value="/bin/bash" />
    <property name="env.__CF_USER_TEXT_ENCODING" value="0x1F5:0x0:0x0" />
    <property name="env.NODE_PATH" value="/usr/local/lib/node_modules:" />
    <property name="env._system_type" value="Darwin" />
    <property name="env.PATH" value="/Users/isabelvazquez/.nvm/versions/node/v6.11.2/bin:/Users/isabelvazquez/.rvm/gems/ruby-2.3.1/bin:/Users/isabelvazquez/.rvm/gems/ruby-2.3.1@global/bin:/Users/isabelvazquez/.rvm/rubies/ruby-2.3.1/bin:/Applications/Postgres.app/Contents/Versions/latest/bin:/usr/local:/usr/local/bin:/usr/local/sbin:/usr/bin:/usr/local/bin:/usr/bin:/bin:/usr/sbin:/sbin:/Applications/Postgres.app/Contents/Versions/latest/bin:/Users/isabelvazquez/.rvm/bin" />
    <property name="user.language" value="en" />
    <property name="env.rvm_prefix" value="/Users/isabelvazquez" />
    <property name="sun.boot.library.path" value="/Library/Java/JavaVirtualMachines/jdk1.8.0_111.jdk/Contents/Home/jre/lib" />
    <property name="ant.project.default-target" value="build" />
    <property name="env.XPC_FLAGS" value="0x0" />
    <property name="ant.project.name" value="JavaCS" />
    <property name="env.rvm_path" value="/Users/isabelvazquez/.rvm" />
    <property name="env.RUBY_VERSION" value="ruby-2.3.1" />
    <property name="java.version" value="1.8.0_111" />
    <property name="user.timezone" value="" />
    <property name="sun.arch.data.model" value="64" />
    <property name="env._system_name" value="OSX" />
    <property name="http.nonProxyHosts" value="local|*.local|169.254/16|*.169.254/16" />
    <property name="java.endorsed.dirs" value="/Library/Java/JavaVirtualMachines/jdk1.8.0_111.jdk/Contents/Home/jre/lib/endorsed" />
    <property name="sun.cpu.isalist" value="" />
    <property name="sun.jnu.encoding" value="UTF-8" />
    <property name="env.GIT_MERGE_AUTOEDIT" value="no" />
    <property name="env.rvm_bin_path" value="/Users/isabelvazquez/.rvm/bin" />
    <property name="file.encoding.pkg" value="sun.io" />
    <property name="env.SHLVL" value="3" />
    <property name="env.BUNDLER_ORIG_GEM_PATH" value="/Users/isabelvazquez/.rvm/gems/ruby-2.3.1:/Users/isabelvazquez/.rvm/gems/ruby-2.3.1@global" />
    <property name="file.separator" value="/" />
    <property name="env._system_version" value="10.13" />
    <property name="java.specification.name" value="Java Platform API Specification" />
    <property name="java.class.version" value="52.0" />
    <property name="user.country" value="US" />
    <property name="ant.file.JavaCS" value="/Users/isabelvazquez/Development/code/cs-java-hello-world-lab-g-416/javacs-lab00/build.xml" />
    <property name="java.home" value="/Library/Java/JavaVirtualMachines/jdk1.8.0_111.jdk/Contents/Home/jre" />
    <property name="java.vm.info" value="mixed mode" />
    <property name="env.LOGNAME" value="isabelvazquez" />
    <property name="ant.file" value="/Users/isabelvazquez/Development/code/cs-java-hello-world-lab-g-416/javacs-lab00/build.xml" />
    <property name="os.version" value="10.13.1" />
    <property name="env.JAVA_MAIN_CLASS_3678" value="org.apache.tools.ant.launch.Launcher" />
    <property name="env.TERM_PROGRAM_VERSION" value="400" />
    <property name="path.separator" value=":" />
    <property name="java.vm.version" value="25.111-b14" />
    <property name="ant.library.dir" value="/usr/local/Cellar/ant/1.10.1/libexec/lib" />
    <property name="junit.output.dir" value="junit" />
    <property name="env.BUNDLER_ORIG_BUNDLE_GEMFILE" value="BUNDLER_ENVIRONMENT_PRESERVER_INTENTIONALLY_NIL" />
    <property name="env.IRBRC" value="/Users/isabelvazquez/.rvm/rubies/ruby-2.3.1/.irbrc" />
    <property name="java.awt.printerjob" value="sun.lwawt.macosx.CPrinterJob" />
    <property name="env.TERM" value="xterm-256color" />
    <property name="env.BUNDLER_ORIG_RB_USER_INSTALL" value="BUNDLER_ENVIRONMENT_PRESERVER_INTENTIONALLY_NIL" />
    <property name="sun.io.unicode.encoding" value="UnicodeBig" />
    <property name="awt.toolkit" value="sun.lwawt.macosx.LWCToolkit" />
    <property name="socksNonProxyHosts" value="local|*.local|169.254/16|*.169.254/16" />
    <property name="ftp.nonProxyHosts" value="local|*.local|169.254/16|*.169.254/16" />
    <property name="env.GEM_PATH" value="/Users/isabelvazquez/.rvm/gems/ruby-2.3.1:/Users/isabelvazquez/.rvm/gems/ruby-2.3.1@global" />
    <property name="user.home" value="/Users/isabelvazquez" />
    <property name="target" value="1.6" />
    <property name="java.specification.vendor" value="Oracle Corporation" />
    <property name="env.TERM_PROGRAM" value="Apple_Terminal" />
    <property name="java.library.path" value="/Users/isabelvazquez/Library/Java/Extensions:/Library/Java/Extensions:/Network/Library/Java/Extensions:/System/Library/Java/Extensions:/usr/lib/java:." />
    <property name="java.vendor.url" value="http://java.oracle.com/" />
    <property name="env.SVN_EDITOR" value="atom" />
    <property name="java.vm.vendor" value="Oracle Corporation" />
    <property name="gopherProxySet" value="false" />
    <property name="java.runtime.name" value="Java(TM) SE Runtime Environment" />
    <property name="ant.version" value="Apache Ant(TM) version 1.10.1 compiled on February 2 2017" />
    <property name="java.class.path" value="/Users/isabelvazquez/Development/code/cs-java-hello-world-lab-g-416/javacs-lab00/bin:/Users/isabelvazquez/Development/code/cs-java-hello-world-lab-g-416/javacs-lab00/lib/junit-4.12.jar:/Users/isabelvazquez/Development/code/cs-java-hello-world-lab-g-416/javacs-lab00/lib/hamcrest-core-1.3.jar:/usr/local/Cellar/ant/1.10.1/libexec/lib/ant-launcher.jar:/usr/local/Cellar/ant/1.10.1/libexec/lib/ant.jar:/usr/local/Cellar/ant/1.10.1/libexec/lib/ant-junit.jar:/usr/local/Cellar/ant/1.10.1/libexec/lib/ant-junit4.jar" />
    <property name="sun.java.command" value="org.apache.tools.ant.taskdefs.optional.junit.JUnitTestRunner com.flatironschool.javacs.HelloWorldTest skipNonTests=false filtertrace=true haltOnError=false haltOnFailure=false formatter=org.apache.tools.ant.taskdefs.optional.junit.OutErrSummaryJUnitResultFormatter showoutput=false outputtoformatters=true logfailedtests=true threadid=0 logtestlistenerevents=false formatter=org.apache.tools.ant.taskdefs.optional.junit.XMLJUnitResultFormatter,/Users/isabelvazquez/Development/code/cs-java-hello-world-lab-g-416/javacs-lab00/junit/TEST-com.flatironschool.javacs.HelloWorldTest.xml formatter=org.apache.tools.ant.taskdefs.optional.junit.PlainJUnitResultFormatter crashfile=/Users/isabelvazquez/Development/code/cs-java-hello-world-lab-g-416/javacs-lab00/junitvmwatcher2826404837275215686.properties propsfile=/Users/isabelvazquez/Development/code/cs-java-hello-world-lab-g-416/javacs-lab00/junit3499109130802752701.properties" />
    <property name="env.TERM_SESSION_ID" value="0E7939B9-9887-4B19-B077-6880AF30D070" />
    <property name="env.USR_PATHS" value="/usr/local:/usr/local/bin:/usr/local/sbin:/usr/bin" />
    <property name="ant.file.type.JavaCS" value="file" />
    <property name="java.vm.specification.name" value="Java Virtual Machine Specification" />
    <property name="ant.file.type" value="file" />
    <property name="java.vm.specification.version" value="1.8" />
    <property name="sun.os.patch.level" value="unknown" />
    <property name="sun.cpu.endian" value="little" />
    <property name="debuglevel" value="source,lines,vars" />
    <property name="env.HOME" value="/Users/isabelvazquez" />
    <property name="java.io.tmpdir" value="/var/folders/zh/q10hxwt15fj57hjkt8h92c600000gn/T/" />
    <property name="java.vendor.url.bug" value="http://bugreport.sun.com/bugreport/" />
    <property name="env.SSH_AUTH_SOCK" value="/private/tmp/com.apple.launchd.N1YRUlSDz3/Listeners" />
    <property name="env.BUNDLER_ORIG_BUNDLER_VERSION" value="BUNDLER_ENVIRONMENT_PRESERVER_INTENTIONALLY_NIL" />
    <property name="env.BUNDLER_ORIG_RUBYOPT" value="BUNDLER_ENVIRONMENT_PRESERVER_INTENTIONALLY_NIL" />
    <property name="os.arch" value="x86_64" />
    <property name="java.awt.graphicsenv" value="sun.awt.CGraphicsEnvironment" />
    <property name="java.ext.dirs" value="/Users/isabelvazquez/Library/Java/Extensions:/Library/Java/JavaVirtualMachines/jdk1.8.0_111.jdk/Contents/Home/jre/lib/ext:/Library/Java/Extensions:/Network/Library/Java/Extensions:/System/Library/Java/Extensions:/usr/lib/java" />
    <property name="user.dir" value="/Users/isabelvazquez/Development/code/cs-java-hello-world-lab-g-416" />
    <property name="line.separator" value="&#xa;" />
    <property name="env.BUNDLER_ORIG_GEM_HOME" value="/Users/isabelvazquez/.rvm/gems/ruby-2.3.1" />
    <property name="java.vm.name" value="Java HotSpot(TM) 64-Bit Server VM" />
    <property name="env.EDITOR" value="atom" />
    <property name="basedir" value="/Users/isabelvazquez/Development/code/cs-java-hello-world-lab-g-416/javacs-lab00" />
    <property name="env.BUNDLER_ORIG_MANPATH" value="BUNDLER_ENVIRONMENT_PRESERVER_INTENTIONALLY_NIL" />
    <property name="ant.java.version" value="1.8" />
    <property name="ant.core.lib" value="/usr/local/Cellar/ant/1.10.1/libexec/lib/ant.jar" />
    <property name="source" value="1.6" />
    <property name="file.encoding" value="UTF-8" />
    <property name="env.BUNDLER_ORIG_BUNDLER_ORIG_MANPATH" value="BUNDLER_ENVIRONMENT_PRESERVER_INTENTIONALLY_NIL" />
    <property name="env.NVM_DIR" value="/Users/isabelvazquez/.nvm" />
    <property name="env.GIT_EDITOR" value="atom" />
    <property name="java.specification.version" value="1.8" />
    <property name="ant.project.invoked-targets" value="test" />
    <property name="env.FLATIRON_VERSION" value="1.1.1" />
  </properties>
  <testcase classname="com.flatironschool.javacs.HelloWorldTest" name="testGetVersion" time="0.002" />
  <system-out><![CDATA[]]></system-out>
  <system-err><![CDATA[]]></system-err>
</testsuite>
